21/02/2024 00:24:24  INFO 9824 --- [restartedMain] br.com.sp.pratica.ToDoListApplication    : Starting ToDoListApplication using Java 17.0.10 on DESKTOP-TUHPCJF with PID 9824 (C:\Users\andre\eclipse-workspace\To-do-list\target\classes started by andre in C:\Users\andre\eclipse-workspace\To-do-list)
21/02/2024 00:24:24 DEBUG 9824 --- [restartedMain] br.com.sp.pratica.ToDoListApplication    : Running with Spring Boot v2.7.17, Spring v5.3.30
21/02/2024 00:24:24  INFO 9824 --- [restartedMain] br.com.sp.pratica.ToDoListApplication    : The following 1 profile is active: "dev"
21/02/2024 00:24:24  INFO 9824 --- [restartedMain] o.s.b.devtools.restart.ChangeableUrls    : The Class-Path manifest attribute in C:\Users\andre\.m2\repository\com\oracle\database\jdbc\ojdbc8\21.5.0.0\ojdbc8-21.5.0.0.jar referenced one or more files that do not exist: file:/C:/Users/andre/.m2/repository/com/oracle/database/jdbc/ojdbc8/21.5.0.0/oraclepki.jar
21/02/2024 00:24:24  INFO 9824 --- [restartedMain] .e.DevToolsPropertyDefaultsPostProcessor : Devtools property defaults active! Set 'spring.devtools.add-properties' to 'false' to disable
21/02/2024 00:24:24  INFO 9824 --- [restartedMain] .e.DevToolsPropertyDefaultsPostProcessor : For additional web related logging consider setting the 'logging.level.web' property to 'DEBUG'
21/02/2024 00:24:25  INFO 9824 --- [restartedMain] .s.d.r.c.RepositoryConfigurationDelegate : Bootstrapping Spring Data JPA repositories in DEFAULT mode.
21/02/2024 00:24:25  INFO 9824 --- [restartedMain] .s.d.r.c.RepositoryConfigurationDelegate : Finished Spring Data repository scanning in 53 ms. Found 2 JPA repository interfaces.
21/02/2024 00:24:26  INFO 9824 --- [restartedMain] o.s.b.w.embedded.tomcat.TomcatWebServer  : Tomcat initialized with port(s): 8081 (http)
21/02/2024 00:24:26  INFO 9824 --- [restartedMain] o.apache.catalina.core.StandardService   : Starting service [Tomcat]
21/02/2024 00:24:26  INFO 9824 --- [restartedMain] org.apache.catalina.core.StandardEngine  : Starting Servlet engine: [Apache Tomcat/9.0.82]
21/02/2024 00:24:26  INFO 9824 --- [restartedMain] o.a.c.c.C.[Tomcat].[localhost].[/]       : Initializing Spring embedded WebApplicationContext
21/02/2024 00:24:26  INFO 9824 --- [restartedMain] w.s.c.ServletWebServerApplicationContext : Root WebApplicationContext: initialization completed in 1312 ms
21/02/2024 00:24:26  INFO 9824 --- [restartedMain] com.zaxxer.hikari.HikariDataSource       : HikariPool-1 - Starting...
21/02/2024 00:24:26  INFO 9824 --- [restartedMain] com.zaxxer.hikari.HikariDataSource       : HikariPool-1 - Start completed.
21/02/2024 00:24:26  INFO 9824 --- [restartedMain] o.s.b.a.h2.H2ConsoleAutoConfiguration    : H2 console available at '/h2-console'. Database available at 'jdbc:h2:mem:testedb'
21/02/2024 00:24:26 DEBUG 9824 --- [restartedMain] b.c.s.p.f.SecurityAuthenticatorFilter    : Filter 'securityAuthenticatorFilter' configured for use
21/02/2024 00:24:26 DEBUG 9824 --- [restartedMain] b.c.s.p.filter.RequestLoggingFilter      : Filter 'requestLoggingFilter' configured for use
21/02/2024 00:24:26  INFO 9824 --- [restartedMain] o.hibernate.jpa.internal.util.LogHelper  : HHH000204: Processing PersistenceUnitInfo [name: default]
21/02/2024 00:24:26  INFO 9824 --- [restartedMain] org.hibernate.Version                    : HHH000412: Hibernate ORM core version 5.6.15.Final
21/02/2024 00:24:26  INFO 9824 --- [restartedMain] o.hibernate.annotations.common.Version   : HCANN000001: Hibernate Commons Annotations {5.1.2.Final}
21/02/2024 00:24:26  INFO 9824 --- [restartedMain] org.hibernate.dialect.Dialect            : HHH000400: Using dialect: org.hibernate.dialect.H2Dialect
21/02/2024 00:24:27  INFO 9824 --- [restartedMain] o.h.e.t.j.p.i.JtaPlatformInitiator       : HHH000490: Using JtaPlatform implementation: [org.hibernate.engine.transaction.jta.platform.internal.NoJtaPlatform]
21/02/2024 00:24:27  INFO 9824 --- [restartedMain] j.LocalContainerEntityManagerFactoryBean : Initialized JPA EntityManagerFactory for persistence unit 'default'
21/02/2024 00:24:27  INFO 9824 --- [restartedMain] o.s.s.web.DefaultSecurityFilterChain     : Will secure any request with [org.springframework.security.web.session.DisableEncodeUrlFilter@2358283a, org.springframework.security.web.context.request.async.WebAsyncManagerIntegrationFilter@1a54be02, org.springframework.security.web.context.SecurityContextPersistenceFilter@5449854c, org.springframework.security.web.header.HeaderWriterFilter@18498cc9, org.springframework.security.web.authentication.logout.LogoutFilter@7dd92000, org.springframework.security.web.savedrequest.RequestCacheAwareFilter@15b7e5e9, org.springframework.security.web.servletapi.SecurityContextHolderAwareRequestFilter@38a0ac3, org.springframework.security.web.authentication.AnonymousAuthenticationFilter@74cd9fe3, org.springframework.security.web.session.SessionManagementFilter@7213097, org.springframework.security.web.access.ExceptionTranslationFilter@3805f116]
21/02/2024 00:24:27 DEBUG 9824 --- [restartedMain] b.c.s.p.config.profiles.DevProfile       : Iniciando Insert no banco de dados H2
21/02/2024 00:24:27 DEBUG 9824 --- [restartedMain] b.c.s.p.config.profiles.DevProfile       : Finalizando Insert no banco de dados H2
21/02/2024 00:24:27  WARN 9824 --- [restartedMain] JpaBaseConfiguration$JpaWebConfiguration : spring.jpa.open-in-view is enabled by default. Therefore, database queries may be performed during view rendering. Explicitly configure spring.jpa.open-in-view to disable this warning
21/02/2024 00:24:28  INFO 9824 --- [restartedMain] o.s.b.d.a.OptionalLiveReloadServer       : LiveReload server is running on port 35729
21/02/2024 00:24:28  INFO 9824 --- [restartedMain] o.s.b.w.embedded.tomcat.TomcatWebServer  : Tomcat started on port(s): 8081 (http) with context path ''
21/02/2024 00:24:28  INFO 9824 --- [restartedMain] br.com.sp.pratica.ToDoListApplication    : Started ToDoListApplication in 3.928 seconds (JVM running for 4.405)
21/02/2024 00:24:51  INFO 9824 --- [http-nio-8081-exec-1] o.a.c.c.C.[Tomcat].[localhost].[/]       : Initializing Spring DispatcherServlet 'dispatcherServlet'
21/02/2024 00:24:51  INFO 9824 --- [http-nio-8081-exec-1] o.s.web.servlet.DispatcherServlet        : Initializing Servlet 'dispatcherServlet'
21/02/2024 00:24:51  INFO 9824 --- [http-nio-8081-exec-1] o.s.web.servlet.DispatcherServlet        : Completed initialization in 1 ms
21/02/2024 00:24:51  INFO 9824 --- [http-nio-8081-exec-1] b.c.s.p.filter.RequestLoggingFilter      : Antiga Requisição: http://localhost:8081/api/users --- Nova Requisição: http://localhost:8081/api/users
21/02/2024 00:24:51  INFO 9824 --- [http-nio-8081-exec-1] b.c.s.p.filter.RequestLoggingFilter      : Antiga Requisição: http://localhost:8081/api/users --- Nova Requisição: http://localhost:8081/api/users
21/02/2024 00:24:51  INFO 9824 --- [http-nio-8081-exec-1] b.c.s.p.filter.RequestLoggingFilter      : Antiga Requisição: http://localhost:8081/api/users --- Nova Requisição: http://localhost:8081/api/users
21/02/2024 00:24:51  INFO 9824 --- [http-nio-8081-exec-1] b.c.s.p.filter.RequestLoggingFilter      : Antiga Requisição: http://localhost:8081/api/users --- Nova Requisição: http://localhost:8081/api/users
21/02/2024 00:24:51  INFO 9824 --- [http-nio-8081-exec-1] b.c.s.p.filter.RequestLoggingFilter      : Antiga Requisição: http://localhost:8081/api/users --- Nova Requisição: http://localhost:8081/api/users
21/02/2024 00:24:51  INFO 9824 --- [http-nio-8081-exec-1] b.c.s.p.filter.RequestLoggingFilter      : Antiga Requisição: http://localhost:8081/api/users --- Nova Requisição: http://localhost:8081/api/users
21/02/2024 00:24:51  INFO 9824 --- [http-nio-8081-exec-1] b.c.s.p.filter.RequestLoggingFilter      : Antiga Requisição: http://localhost:8081/api/users --- Nova Requisição: http://localhost:8081/api/users
21/02/2024 00:24:51  INFO 9824 --- [http-nio-8081-exec-1] b.c.s.p.filter.RequestLoggingFilter      : Antiga Requisição: http://localhost:8081/api/users --- Nova Requisição: http://localhost:8081/api/users
21/02/2024 00:24:51  INFO 9824 --- [http-nio-8081-exec-1] b.c.s.p.filter.RequestLoggingFilter      : Antiga Requisição: http://localhost:8081/api/users --- Nova Requisição: http://localhost:8081/api/users
21/02/2024 00:24:51  INFO 9824 --- [http-nio-8081-exec-1] b.c.s.p.filter.RequestLoggingFilter      : Antiga Requisição: http://localhost:8081/api/users --- Nova Requisição: http://localhost:8081/api/users
21/02/2024 00:24:51 DEBUG 9824 --- [http-nio-8081-exec-1] b.c.s.pratica.controller.UserController  : Listagem Geral de User
